<?xml version="1.0" encoding="UTF-8"?>
<testsuite name="RistinollaRobo.algo.MinimaxTest" tests="1" skipped="0" failures="0" errors="0" timestamp="2020-10-14T15:39:26" hostname="Eliass-MacBook-Air.local" time="0.008">
  <properties/>
  <testcase name="testGetParasLiike" classname="RistinollaRobo.algo.MinimaxTest" time="0.008"/>
  <system-out><![CDATA[]]></system-out>
  <system-err><![CDATA[]]></system-err>
</testsuite>
